<?xml version="1.0" encoding="UTF-8"?>
<!-- Generated by org.testng.reporters.JUnitReportReporter -->
<testsuite hostname="Anee" failures="0" tests="2" name="LoginTest" time="6.322" errors="0" timestamp="2024-12-06T18:47:38 IST" skipped="0">
  <testcase classname="LoginTest" name="test1" time="3.071"/>
  <testcase classname="LoginTest" name="test2" time="3.251"/>
</testsuite> <!-- LoginTest -->
