<?xml version="1.0" encoding="UTF-8"?>
<!-- Generated by org.testng.reporters.JUnitReportReporter -->
<testsuite hostname="Anee" failures="0" tests="1" name="polymorphism.TestPolymorphism" time="4.868" errors="0" timestamp="2025-01-12T14:37:14 IST" skipped="0">
  <testcase classname="polymorphism.TestPolymorphism" name="testLoginPage" time="4.868"/>
</testsuite> <!-- polymorphism.TestPolymorphism -->
