<?xml version="1.0" encoding="UTF-8"?>
<!-- Generated by org.testng.reporters.JUnitReportReporter -->
<testsuite hostname="Anee" failures="0" tests="1" name="Learnings.sfbs" time="0.008" errors="0" timestamp="2024-12-06T18:43:25 IST" skipped="0">
  <testcase classname="Learnings.sfbs" name="af" time="0.008"/>
</testsuite> <!-- Learnings.sfbs -->
