<?xml version="1.0" encoding="UTF-8"?>
<!-- Generated by org.testng.reporters.JUnitReportReporter -->
<testsuite hostname="Anee" failures="0" tests="1" name="encapsulation.LoginTest" time="2.716" errors="0" timestamp="2024-12-06T19:18:47 IST" skipped="0">
  <testcase classname="encapsulation.LoginTest" name="testValidLogin" time="2.716"/>
</testsuite> <!-- encapsulation.LoginTest -->
